<?xml version="1.0" encoding="UTF-8"?>
<testng-results ignored="0" total="1" passed="1" failed="0" skipped="0">
  <reporter-output>
  </reporter-output>
  <suite started-at="2020-07-29T20:45:46 IST" name="Suite" finished-at="2020-07-29T20:46:02 IST" duration-ms="16021">
    <groups>
      <group name="cucumber">
        <method signature="AbstractTestNGCucumberTests.feature(cucumber.api.testng.CucumberFeatureWrapper)[pri:0, instance:testRunner.TestRunner@6646153]" name="feature" class="cucumber.api.testng.AbstractTestNGCucumberTests"/>
      </group> <!-- cucumber -->
    </groups>
    <test started-at="2020-07-29T20:45:46 IST" name="Test" finished-at="2020-07-29T20:46:02 IST" duration-ms="16021">
      <class name="testRunner.TestRunner">
        <test-method is-config="true" signature="setUpClass()[pri:0, instance:testRunner.TestRunner@6646153]" started-at="2020-07-29T20:45:46 IST" name="setUpClass" finished-at="2020-07-29T20:45:46 IST" duration-ms="146" status="PASS">
          <reporter-output>
          </reporter-output>
        </test-method> <!-- setUpClass -->
        <test-method signature="feature(cucumber.api.testng.CucumberFeatureWrapper)[pri:0, instance:testRunner.TestRunner@6646153]" started-at="2020-07-29T20:45:46 IST" name="feature" description="Runs Cucumber Feature" data-provider="features" finished-at="2020-07-29T20:46:02 IST" duration-ms="15794" status="PASS">
          <params>
            <param index="0">
              <value>
                <![CDATA[To check the login fuctionality]]>
              </value>
            </param>
          </params>
          <reporter-output>
          </reporter-output>
        </test-method> <!-- feature -->
        <test-method is-config="true" signature="tearDownClass()[pri:0, instance:testRunner.TestRunner@6646153]" started-at="2020-07-29T20:46:02 IST" name="tearDownClass" finished-at="2020-07-29T20:46:02 IST" duration-ms="2" status="PASS">
          <reporter-output>
          </reporter-output>
        </test-method> <!-- tearDownClass -->
      </class> <!-- testRunner.TestRunner -->
    </test> <!-- Test -->
  </suite> <!-- Suite -->
</testng-results>
