<?xml version="1.0" encoding="UTF-8"?>
<testng-results ignored="0" total="1" passed="1" failed="0" skipped="0">
  <reporter-output>
  </reporter-output>
  <suite started-at="2020-07-29T20:37:41 IST" name="Suite" finished-at="2020-07-29T20:38:03 IST" duration-ms="21891">
    <groups>
      <group name="cucumber">
        <method signature="AbstractTestNGCucumberTests.feature(cucumber.api.testng.CucumberFeatureWrapper)[pri:0, instance:testRunner.TestRunner@51e5fc98]" name="feature" class="cucumber.api.testng.AbstractTestNGCucumberTests"/>
      </group> <!-- cucumber -->
    </groups>
    <test started-at="2020-07-29T20:37:41 IST" name="Test" finished-at="2020-07-29T20:38:03 IST" duration-ms="21891">
      <class name="testRunner.TestRunner">
        <test-method is-config="true" signature="setUpClass()[pri:0, instance:testRunner.TestRunner@51e5fc98]" started-at="2020-07-29T20:37:41 IST" name="setUpClass" finished-at="2020-07-29T20:37:41 IST" duration-ms="199" status="PASS">
          <reporter-output>
          </reporter-output>
        </test-method> <!-- setUpClass -->
        <test-method signature="feature(cucumber.api.testng.CucumberFeatureWrapper)[pri:0, instance:testRunner.TestRunner@51e5fc98]" started-at="2020-07-29T20:37:41 IST" name="feature" description="Runs Cucumber Feature" data-provider="features" finished-at="2020-07-29T20:38:03 IST" duration-ms="21567" status="PASS">
          <params>
            <param index="0">
              <value>
                <![CDATA[To check the login fuctionality]]>
              </value>
            </param>
          </params>
          <reporter-output>
          </reporter-output>
        </test-method> <!-- feature -->
        <test-method is-config="true" signature="tearDownClass()[pri:0, instance:testRunner.TestRunner@51e5fc98]" started-at="2020-07-29T20:38:03 IST" name="tearDownClass" finished-at="2020-07-29T20:38:03 IST" duration-ms="6" status="PASS">
          <reporter-output>
          </reporter-output>
        </test-method> <!-- tearDownClass -->
      </class> <!-- testRunner.TestRunner -->
    </test> <!-- Test -->
  </suite> <!-- Suite -->
</testng-results>
